<?xml version="1.0" encoding="UTF-8"?>
<!-- Generated by org.testng.reporters.JUnitXMLReporter -->
<testsuite ignored="4" hostname="LAPTOP-MDIQCQI1" failures="0" tests="1" name="Default test" time="16.68" errors="0" timestamp="2023-02-28T12:51:05 IST">
  <testcase classname="com.demo.test.TestNgMavenExample" name="contactspage" time="8.895"/>
  <testcase classname="com.demo.test.TestNgMavenExample" name="CompaignPage" time="0.0">
    <ignored/>
  </testcase> <!-- CompaignPage -->
  <testcase classname="com.demo.test.TestNgMavenExample" name="companiespage" time="0.0">
    <ignored/>
  </testcase> <!-- companiespage -->
  <testcase classname="com.demo.test.TestNgMavenExample" name="calenderpage" time="0.0">
    <ignored/>
  </testcase> <!-- calenderpage -->
  <testcase classname="com.demo.test.TestNgMavenExample" name="DealPage" time="0.0">
    <ignored/>
  </testcase> <!-- DealPage -->
</testsuite> <!-- Default test -->
