<?xml version="1.0" encoding="UTF-8"?>
<testng-results ignored="4" total="5" passed="1" failed="0" skipped="0">
  <reporter-output>
  </reporter-output>
  <suite started-at="2023-02-28T12:50:48 IST" name="Default suite" finished-at="2023-02-28T12:51:05 IST" duration-ms="16680">
    <groups>
    </groups>
    <test started-at="2023-02-28T12:50:48 IST" name="Default test" finished-at="2023-02-28T12:51:05 IST" duration-ms="16680">
      <class name="com.demo.test.TestNgMavenExample">
        <test-method is-config="true" signature="openBrowser()[pri:0, instance:com.demo.test.TestNgMavenExample@7fee8714]" started-at="2023-02-28T12:50:48 IST" name="openBrowser" finished-at="2023-02-28T12:50:56 IST" duration-ms="7729" status="PASS">
          <reporter-output>
          </reporter-output>
        </test-method> <!-- openBrowser -->
        <test-method signature="contactspage()[pri:2, instance:com.demo.test.TestNgMavenExample@7fee8714]" started-at="2023-02-28T12:50:56 IST" name="contactspage" finished-at="2023-02-28T12:51:05 IST" duration-ms="8895" status="PASS">
          <reporter-output>
          </reporter-output>
        </test-method> <!-- contactspage -->
      </class> <!-- com.demo.test.TestNgMavenExample -->
    </test> <!-- Default test -->
  </suite> <!-- Default suite -->
</testng-results>
